<?xml version="1.0" encoding="UTF-8"?>
<testng-results skipped="0" failed="0" ignored="0" total="1" passed="1">
  <reporter-output>
  </reporter-output>
  <suite name="Suite" duration-ms="10085" started-at="2021-07-06T18:42:07 IST" finished-at="2021-07-06T18:42:17 IST">
    <groups>
    </groups>
    <test name="Test" duration-ms="10085" started-at="2021-07-06T18:42:07 IST" finished-at="2021-07-06T18:42:17 IST">
      <class name="tests.NewTest">
        <test-method status="PASS" signature="beforeClass()[pri:0, instance:tests.NewTest@42f93a98]" name="beforeClass" is-config="true" duration-ms="5684" started-at="2021-07-06T18:42:07 IST" finished-at="2021-07-06T18:42:13 IST">
          <reporter-output>
          </reporter-output>
        </test-method> <!-- beforeClass -->
        <test-method status="PASS" signature="openMyBlog()[pri:0, instance:tests.NewTest@42f93a98]" name="openMyBlog" duration-ms="3691" started-at="2021-07-06T18:42:13 IST" finished-at="2021-07-06T18:42:16 IST">
          <reporter-output>
          </reporter-output>
        </test-method> <!-- openMyBlog -->
        <test-method status="PASS" signature="afterClass()[pri:0, instance:tests.NewTest@42f93a98]" name="afterClass" is-config="true" duration-ms="664" started-at="2021-07-06T18:42:16 IST" finished-at="2021-07-06T18:42:17 IST">
          <reporter-output>
          </reporter-output>
        </test-method> <!-- afterClass -->
      </class> <!-- tests.NewTest -->
    </test> <!-- Test -->
  </suite> <!-- Suite -->
</testng-results>
